<?xml version="1.0" encoding="UTF-8"?>
<testng-results ignored="0" total="1" passed="1" failed="0" skipped="0">
  <reporter-output>
  </reporter-output>
  <suite started-at="2021-09-08T06:47:00Z" name="Suite" finished-at="2021-09-08T06:47:11Z" duration-ms="11172">
    <groups>
    </groups>
    <test started-at="2021-09-08T06:47:00Z" name="Test" finished-at="2021-09-08T06:47:11Z" duration-ms="11172">
      <class name="com.selenium.practisetest.ValidateTitle">
        <test-method is-config="true" signature="initalize()[pri:0, instance:com.selenium.practisetest.ValidateTitle@25bc0606]" started-at="2021-09-08T12:17:00Z" name="initalize" finished-at="2021-09-08T12:17:03Z" duration-ms="2784" status="PASS">
          <reporter-output>
          </reporter-output>
        </test-method> <!-- initalize -->
        <test-method signature="basePageNavigation()[pri:0, instance:com.selenium.practisetest.ValidateTitle@25bc0606]" started-at="2021-09-08T12:17:03Z" name="basePageNavigation" finished-at="2021-09-08T12:17:11Z" duration-ms="8240" status="PASS">
          <reporter-output>
          </reporter-output>
        </test-method> <!-- basePageNavigation -->
        <test-method is-config="true" signature="tearDown()[pri:0, instance:com.selenium.practisetest.ValidateTitle@25bc0606]" started-at="2021-09-08T12:17:11Z" name="tearDown" finished-at="2021-09-08T12:17:11Z" duration-ms="130" status="PASS">
          <reporter-output>
          </reporter-output>
        </test-method> <!-- tearDown -->
      </class> <!-- com.selenium.practisetest.ValidateTitle -->
    </test> <!-- Test -->
  </suite> <!-- Suite -->
</testng-results>
